  EntityPlayer.cpp
c:\users\tinde\desktop\lurgypai\cpp\projects\shooty\shooty\entityplayer.cpp(14): warning C4244: 'argument': conversion from 'int' to 'T', possible loss of data
          with
          [
              T=float
          ]
c:\users\tinde\desktop\lurgypai\cpp\projects\shooty\shooty\entityplayer.cpp(50): warning C4244: 'initializing': conversion from 'double' to 'float', possible loss of data
c:\users\tinde\desktop\lurgypai\cpp\projects\shooty\shooty\entityplayer.cpp(73): warning C4244: 'initializing': conversion from 'double' to 'float', possible loss of data
c:\users\tinde\desktop\lurgypai\cpp\projects\shooty\shooty\entityplayer.cpp(126): warning C4244: 'initializing': conversion from 'double' to 'float', possible loss of data
c:\users\tinde\desktop\lurgypai\cpp\projects\shooty\shooty\entityplayer.cpp(127): warning C4244: 'initializing': conversion from 'double' to 'float', possible loss of data
c:\users\tinde\desktop\lurgypai\cpp\projects\shooty\shooty\entityplayer.cpp(129): warning C4244: '=': conversion from 'double' to 'float', possible loss of data
c:\users\tinde\desktop\lurgypai\cpp\projects\shooty\shooty\entityplayer.cpp(133): warning C4244: '=': conversion from 'const int' to 'float', possible loss of data
c:\users\tinde\desktop\lurgypai\cpp\projects\shooty\shooty\entityplayer.cpp(135): warning C4244: '=': conversion from 'const int' to 'float', possible loss of data
c:\users\tinde\desktop\lurgypai\cpp\projects\shooty\shooty\entityplayer.cpp(196): warning C4244: 'argument': conversion from 'int' to 'T', possible loss of data
          with
          [
              T=float
          ]
c:\users\tinde\desktop\lurgypai\cpp\projects\shooty\shooty\entityplayer.cpp(268): warning C4244: '+=': conversion from 'float' to 'int', possible loss of data
c:\users\tinde\desktop\lurgypai\cpp\projects\shooty\shooty\entityplayer.cpp(291): warning C4305: 'argument': truncation from 'double' to 'float'
  Generating code
  3 of 1668 functions ( 0.2%) were compiled, the rest were copied from previous compilation.
    0 functions were new in current compilation
    2 functions had inline decision re-evaluated but remain unchanged
  Finished generating code
  Shooty.vcxproj -> C:\Users\Tinde\Desktop\Lurgypai\CPP\Projects\Shooty\x64\Release\Shooty.exe
