c:\users\dapop\desktop\lurgypai\cpp\projects\shooty\shooty\x64\release\shooty.pch
c:\users\dapop\desktop\lurgypai\cpp\projects\shooty\shooty\x64\release\vc141.pdb
c:\users\dapop\desktop\lurgypai\cpp\projects\shooty\shooty\x64\release\stdafx.obj
c:\users\dapop\desktop\lurgypai\cpp\projects\shooty\shooty\x64\release\levelmanager.obj
c:\users\dapop\desktop\lurgypai\cpp\projects\shooty\shooty\x64\release\level.obj
c:\users\dapop\desktop\lurgypai\cpp\projects\shooty\shooty\x64\release\gui.obj
c:\users\dapop\desktop\lurgypai\cpp\projects\shooty\shooty\x64\release\game.obj
c:\users\dapop\desktop\lurgypai\cpp\projects\shooty\shooty\x64\release\entityplayer.obj
c:\users\dapop\desktop\lurgypai\cpp\projects\shooty\shooty\x64\release\entitymanager.obj
c:\users\dapop\desktop\lurgypai\cpp\projects\shooty\shooty\x64\release\entityboss.obj
c:\users\dapop\desktop\lurgypai\cpp\projects\shooty\shooty\x64\release\entitybase.obj
c:\users\dapop\desktop\lurgypai\cpp\projects\shooty\shooty\x64\release\enemybase.obj
c:\users\dapop\desktop\lurgypai\cpp\projects\shooty\shooty\x64\release\configuration.obj
c:\users\dapop\desktop\lurgypai\cpp\projects\shooty\shooty\x64\release\circlebullet.obj
c:\users\dapop\desktop\lurgypai\cpp\projects\shooty\shooty\x64\release\button.obj
c:\users\dapop\desktop\lurgypai\cpp\projects\shooty\shooty\x64\release\bulletbase.obj
c:\users\dapop\desktop\lurgypai\cpp\projects\shooty\shooty\x64\release\basemenu.obj
c:\users\dapop\desktop\lurgypai\cpp\projects\shooty\shooty\x64\release\arena.obj
c:\users\dapop\desktop\lurgypai\cpp\projects\shooty\shooty\x64\release\aitrianlgecomponent.obj
c:\users\dapop\desktop\lurgypai\cpp\projects\shooty\shooty\x64\release\aisquarecomponent.obj
c:\users\dapop\desktop\lurgypai\cpp\projects\shooty\shooty\x64\release\aihexacomponent.obj
c:\users\dapop\desktop\lurgypai\cpp\projects\shooty\shooty\x64\release\aicirclecomponent.obj
c:\users\dapop\desktop\lurgypai\cpp\projects\shooty\shooty\x64\release\advancescreen.obj
c:\users\dapop\desktop\lurgypai\cpp\projects\shooty\shooty\x64\release\winscreen.obj
c:\users\dapop\desktop\lurgypai\cpp\projects\shooty\shooty\x64\release\wave.obj
c:\users\dapop\desktop\lurgypai\cpp\projects\shooty\shooty\x64\release\user.obj
c:\users\dapop\desktop\lurgypai\cpp\projects\shooty\shooty\x64\release\trianglebullet.obj
c:\users\dapop\desktop\lurgypai\cpp\projects\shooty\shooty\x64\release\squarebullet.obj
c:\users\dapop\desktop\lurgypai\cpp\projects\shooty\shooty\x64\release\soundmanager.obj
c:\users\dapop\desktop\lurgypai\cpp\projects\shooty\shooty\x64\release\shooty.obj
c:\users\dapop\desktop\lurgypai\cpp\projects\shooty\shooty\x64\release\polygon.obj
c:\users\dapop\desktop\lurgypai\cpp\projects\shooty\shooty\x64\release\pointsscreen.obj
c:\users\dapop\desktop\lurgypai\cpp\projects\shooty\shooty\x64\release\playerbullet.obj
c:\users\dapop\desktop\lurgypai\cpp\projects\shooty\shooty\x64\release\playablesound.obj
c:\users\dapop\desktop\lurgypai\cpp\projects\shooty\x64\release\shooty.exe
c:\users\dapop\desktop\lurgypai\cpp\projects\shooty\x64\release\shooty.pdb
c:\users\dapop\desktop\lurgypai\cpp\projects\shooty\shooty\x64\release\resource.res
c:\users\dapop\desktop\lurgypai\cpp\projects\shooty\x64\release\shooty.ipdb
c:\users\dapop\desktop\lurgypai\cpp\projects\shooty\x64\release\shooty.iobj
c:\users\dapop\desktop\lurgypai\cpp\projects\shooty\shooty\x64\release\shooty.tlog\cl.command.1.tlog
c:\users\dapop\desktop\lurgypai\cpp\projects\shooty\shooty\x64\release\shooty.tlog\cl.read.1.tlog
c:\users\dapop\desktop\lurgypai\cpp\projects\shooty\shooty\x64\release\shooty.tlog\cl.write.1.tlog
c:\users\dapop\desktop\lurgypai\cpp\projects\shooty\shooty\x64\release\shooty.tlog\link.command.1.tlog
c:\users\dapop\desktop\lurgypai\cpp\projects\shooty\shooty\x64\release\shooty.tlog\link.read.1.tlog
c:\users\dapop\desktop\lurgypai\cpp\projects\shooty\shooty\x64\release\shooty.tlog\link.write.1.tlog
c:\users\dapop\desktop\lurgypai\cpp\projects\shooty\shooty\x64\release\shooty.tlog\rc.command.1.tlog
c:\users\dapop\desktop\lurgypai\cpp\projects\shooty\shooty\x64\release\shooty.tlog\rc.read.1.tlog
c:\users\dapop\desktop\lurgypai\cpp\projects\shooty\shooty\x64\release\shooty.tlog\rc.write.1.tlog
c:\users\dapop\desktop\lurgypai\cpp\projects\shooty\shooty\x64\release\shooty.tlog\shooty.write.1u.tlog
