c:\users\dapop\desktop\lurgypai\cpp\projects\shooty\shooty\x64\debug\shooty.pch.codeanalysis
c:\users\dapop\desktop\lurgypai\cpp\projects\shooty\shooty\x64\debug\vc141.pdb
c:\users\dapop\desktop\lurgypai\cpp\projects\shooty\shooty\x64\debug\vc141.idb
c:\users\dapop\desktop\lurgypai\cpp\projects\shooty\shooty\x64\debug\shooty.pch.codeanalysisast
c:\users\dapop\desktop\lurgypai\cpp\projects\shooty\shooty\x64\debug\stdafx.nativecodeanalysis.xml
c:\users\dapop\desktop\lurgypai\cpp\projects\shooty\shooty\x64\debug\stdafx.obj
c:\users\dapop\desktop\lurgypai\cpp\projects\shooty\shooty\x64\debug\bulletbase.nativecodeanalysis.xml
c:\users\dapop\desktop\lurgypai\cpp\projects\shooty\shooty\x64\debug\button.nativecodeanalysis.xml
c:\users\dapop\desktop\lurgypai\cpp\projects\shooty\shooty\x64\debug\circlebullet.nativecodeanalysis.xml
c:\users\dapop\desktop\lurgypai\cpp\projects\shooty\shooty\x64\debug\configuration.nativecodeanalysis.xml
c:\users\dapop\desktop\lurgypai\cpp\projects\shooty\shooty\x64\debug\enemybase.nativecodeanalysis.xml
c:\users\dapop\desktop\lurgypai\cpp\projects\shooty\shooty\x64\debug\enemycircle.nativecodeanalysis.xml
c:\users\dapop\desktop\lurgypai\cpp\projects\shooty\shooty\x64\debug\enemysquare.nativecodeanalysis.xml
c:\users\dapop\desktop\lurgypai\cpp\projects\shooty\shooty\x64\debug\enemytriangle.nativecodeanalysis.xml
c:\users\dapop\desktop\lurgypai\cpp\projects\shooty\shooty\x64\debug\entitybase.nativecodeanalysis.xml
c:\users\dapop\desktop\lurgypai\cpp\projects\shooty\shooty\x64\debug\entitymanager.nativecodeanalysis.xml
c:\users\dapop\desktop\lurgypai\cpp\projects\shooty\shooty\x64\debug\entityplayer.nativecodeanalysis.xml
c:\users\dapop\desktop\lurgypai\cpp\projects\shooty\shooty\x64\debug\game.nativecodeanalysis.xml
c:\users\dapop\desktop\lurgypai\cpp\projects\shooty\shooty\x64\debug\level.nativecodeanalysis.xml
c:\users\dapop\desktop\lurgypai\cpp\projects\shooty\shooty\x64\debug\levelmanager.nativecodeanalysis.xml
c:\users\dapop\desktop\lurgypai\cpp\projects\shooty\shooty\x64\debug\playerbullet.nativecodeanalysis.xml
c:\users\dapop\desktop\lurgypai\cpp\projects\shooty\shooty\x64\debug\polygon.nativecodeanalysis.xml
c:\users\dapop\desktop\lurgypai\cpp\projects\shooty\shooty\x64\debug\shooty.nativecodeanalysis.xml
c:\users\dapop\desktop\lurgypai\cpp\projects\shooty\shooty\x64\debug\squarebullet.nativecodeanalysis.xml
c:\users\dapop\desktop\lurgypai\cpp\projects\shooty\shooty\x64\debug\trianglebullet.nativecodeanalysis.xml
c:\users\dapop\desktop\lurgypai\cpp\projects\shooty\shooty\x64\debug\wave.nativecodeanalysis.xml
c:\users\dapop\desktop\lurgypai\cpp\projects\shooty\shooty\x64\debug\wave.obj
c:\users\dapop\desktop\lurgypai\cpp\projects\shooty\shooty\x64\debug\trianglebullet.obj
c:\users\dapop\desktop\lurgypai\cpp\projects\shooty\shooty\x64\debug\squarebullet.obj
c:\users\dapop\desktop\lurgypai\cpp\projects\shooty\shooty\x64\debug\shooty.obj
c:\users\dapop\desktop\lurgypai\cpp\projects\shooty\shooty\x64\debug\polygon.obj
c:\users\dapop\desktop\lurgypai\cpp\projects\shooty\shooty\x64\debug\playerbullet.obj
c:\users\dapop\desktop\lurgypai\cpp\projects\shooty\shooty\x64\debug\levelmanager.obj
c:\users\dapop\desktop\lurgypai\cpp\projects\shooty\shooty\x64\debug\level.obj
c:\users\dapop\desktop\lurgypai\cpp\projects\shooty\shooty\x64\debug\game.obj
c:\users\dapop\desktop\lurgypai\cpp\projects\shooty\shooty\x64\debug\entityplayer.obj
c:\users\dapop\desktop\lurgypai\cpp\projects\shooty\shooty\x64\debug\entitymanager.obj
c:\users\dapop\desktop\lurgypai\cpp\projects\shooty\shooty\x64\debug\entitybase.obj
c:\users\dapop\desktop\lurgypai\cpp\projects\shooty\shooty\x64\debug\enemytriangle.obj
c:\users\dapop\desktop\lurgypai\cpp\projects\shooty\shooty\x64\debug\enemysquare.obj
c:\users\dapop\desktop\lurgypai\cpp\projects\shooty\shooty\x64\debug\enemycircle.obj
c:\users\dapop\desktop\lurgypai\cpp\projects\shooty\shooty\x64\debug\enemybase.obj
c:\users\dapop\desktop\lurgypai\cpp\projects\shooty\shooty\x64\debug\configuration.obj
c:\users\dapop\desktop\lurgypai\cpp\projects\shooty\shooty\x64\debug\circlebullet.obj
c:\users\dapop\desktop\lurgypai\cpp\projects\shooty\shooty\x64\debug\button.obj
c:\users\dapop\desktop\lurgypai\cpp\projects\shooty\shooty\x64\debug\bulletbase.obj
c:\users\dapop\desktop\lurgypai\cpp\projects\shooty\shooty\x64\debug\aicirclecomponent.nativecodeanalysis.xml
c:\users\dapop\desktop\lurgypai\cpp\projects\shooty\shooty\x64\debug\aisquarecomponent.nativecodeanalysis.xml
c:\users\dapop\desktop\lurgypai\cpp\projects\shooty\shooty\x64\debug\aitrianlgecomponent.nativecodeanalysis.xml
c:\users\dapop\desktop\lurgypai\cpp\projects\shooty\shooty\x64\debug\arena.nativecodeanalysis.xml
c:\users\dapop\desktop\lurgypai\cpp\projects\shooty\shooty\x64\debug\basemenu.nativecodeanalysis.xml
c:\users\dapop\desktop\lurgypai\cpp\projects\shooty\shooty\x64\debug\basemenu.obj
c:\users\dapop\desktop\lurgypai\cpp\projects\shooty\shooty\x64\debug\arena.obj
c:\users\dapop\desktop\lurgypai\cpp\projects\shooty\shooty\x64\debug\aitrianlgecomponent.obj
c:\users\dapop\desktop\lurgypai\cpp\projects\shooty\shooty\x64\debug\aisquarecomponent.obj
c:\users\dapop\desktop\lurgypai\cpp\projects\shooty\shooty\x64\debug\aicirclecomponent.obj
c:\users\dapop\desktop\lurgypai\cpp\projects\shooty\x64\debug\shooty.ilk
c:\users\dapop\desktop\lurgypai\cpp\projects\shooty\x64\debug\shooty.exe
c:\users\dapop\desktop\lurgypai\cpp\projects\shooty\x64\debug\shooty.pdb
c:\users\dapop\desktop\lurgypai\cpp\projects\shooty\shooty\x64\debug\nativecodeanalysis.read.1.tlog
c:\users\dapop\desktop\lurgypai\cpp\projects\shooty\shooty\x64\debug\vc.nativecodeanalysis.all.xml
c:\users\dapop\desktop\lurgypai\cpp\projects\shooty\x64\debug\shooty.exe.lastcodeanalysissucceeded
c:\users\dapop\desktop\lurgypai\cpp\projects\shooty\shooty\x64\debug\shooty.tlog\cl.command.1.tlog
c:\users\dapop\desktop\lurgypai\cpp\projects\shooty\shooty\x64\debug\shooty.tlog\cl.read.1.tlog
c:\users\dapop\desktop\lurgypai\cpp\projects\shooty\shooty\x64\debug\shooty.tlog\cl.write.1.tlog
c:\users\dapop\desktop\lurgypai\cpp\projects\shooty\shooty\x64\debug\shooty.tlog\link.command.1.tlog
c:\users\dapop\desktop\lurgypai\cpp\projects\shooty\shooty\x64\debug\shooty.tlog\link.read.1.tlog
c:\users\dapop\desktop\lurgypai\cpp\projects\shooty\shooty\x64\debug\shooty.tlog\link.write.1.tlog
